vagrant@vagrant:~/chef-repo$ # --------------------------------------------------------------------
vagrant@vagrant:~/chef-repo$ # -- Execute the recipe using local mode `chef-client`
vagrant@vagrant:~/chef-repo$ # --------------------------------------------------------------------
vagrant@vagrant:~/chef-repo$ chef-client --local-mode hello.rb
[2016-02-09T21:07:42+00:00] WARN: No config file found or specified on command line, using command line options.
[2016-02-09T21:07:42+00:00] WARN: No cookbooks directory found at or above current directory.  Assuming /home/vagrant/chef-repo.
Starting Chef Client, version 12.5.1
resolving cookbooks for run list: []
Synchronizing Cookbooks:
Compiling Cookbooks...
[2016-02-09T21:07:46+00:00] WARN: Node vagrant.vm has an empty run list.
Converging 1 resources
Recipe: @recipe_files::/home/vagrant/chef-repo/hello.rb
  * file[/tmp/motd] action create
    - create new file /tmp/motd
    - update content in file /tmp/motd from none to b94d27
    --- /tmp/motd       2016-02-09 21:07:46.307818031 +0000
    +++ /tmp/.motd20160209-2309-1azrwby 2016-02-09 21:07:46.307818031 +0000
    @@ -1 +1,2 @@
    +hello world

Running handlers:
Running handlers complete
Chef Client finished, 1/1 resources updated in 03 seconds
vagrant@vagrant:~/chef-repo$
vagrant@vagrant:~/chef-repo$
vagrant@vagrant:~/chef-repo$ # --------------------------------------------------------------------
vagrant@vagrant:~/chef-repo$ # -- Verify if the MOTD file had been successfully created
vagrant@vagrant:~/chef-repo$ # --------------------------------------------------------------------
vagrant@vagrant:~/chef-repo$ more /tmp/motd
hello world
vagrant@vagrant:~/chef-repo$
vagrant@vagrant:~/chef-repo$
vagrant@vagrant:~/chef-repo$ # --------------------------------------------------------------------
vagrant@vagrant:~/chef-repo$ # -- Run again the command for a second time
vagrant@vagrant:~/chef-repo$ # --------------------------------------------------------------------
vagrant@vagrant:~/chef-repo$ chef-client --local-mode hello.rb
[2016-02-09T21:22:18+00:00] WARN: No config file found or specified on command line, using command line options.
[2016-02-09T21:22:18+00:00] WARN: No cookbooks directory found at or above current directory.  Assuming /home/vagrant/chef-repo.
Starting Chef Client, version 12.5.1
resolving cookbooks for run list: []
Synchronizing Cookbooks:
Compiling Cookbooks...
[2016-02-09T21:22:20+00:00] WARN: Node vagrant.vm has an empty run list.
Converging 1 resources
Recipe: @recipe_files::/home/vagrant/chef-repo/hello.rb
  * file[/tmp/motd] action create (up to date)

Running handlers:
Running handlers complete
Chef Client finished, 0/1 resources updated in 01 seconds
vagrant@vagrant:~/chef-repo$
