vagrant@vagrant:~/chef-repo$ # --------------------------------------------------------------------
vagrant@vagrant:~/chef-repo$ # -- Execute Chef recipe to automatically install Apache2 package
vagrant@vagrant:~/chef-repo$ # --------------------------------------------------------------------
vagrant@vagrant:~/chef-repo$ sudo chef-client --local-mode webserver.rb
[2016-02-10T07:35:37+00:00] WARN: No config file found or specified on command line, using command line options.
[2016-02-10T07:35:37+00:00] WARN: No cookbooks directory found at or above current directory.  Assuming /home/vagrant/chef-repo.
Starting Chef Client, version 12.5.1
resolving cookbooks for run list: []
Synchronizing Cookbooks:
Compiling Cookbooks...
[2016-02-10T07:35:41+00:00] WARN: Node vagrant.vm has an empty run list.
Converging 1 resources
Recipe: @recipe_files::/home/vagrant/chef-repo/webserver.rb
  * apt_package[apache2] action install
    - install version 2.4.7-1ubuntu4.9 of package apache2

Running handlers:
Running handlers complete
Chef Client finished, 1/1 resources updated in 47 seconds
vagrant@vagrant:~/chef-repo$
vagrant@vagrant:~/chef-repo$
vagrant@vagrant:~/chef-repo$ # --------------------------------------------------------------------
vagrant@vagrant:~/chef-repo$ # -- Execute Chef recipe to automatically install Apache2 package, then enable and start its service
vagrant@vagrant:~/chef-repo$ # --------------------------------------------------------------------
vagrant@vagrant:~/chef-repo$ sudo chef-client --local-mode webserver.rb
[2016-02-10T07:59:25+00:00] WARN: No config file found or specified on command line, using command line options.
[2016-02-10T07:59:25+00:00] WARN: No cookbooks directory found at or above current directory.  Assuming /home/vagrant/chef-repo.
Starting Chef Client, version 12.5.1
resolving cookbooks for run list: []
Synchronizing Cookbooks:
Compiling Cookbooks...
[2016-02-10T07:59:27+00:00] WARN: Node vagrant.vm has an empty run list.
Converging 2 resources
Recipe: @recipe_files::/home/vagrant/chef-repo/webserver.rb
  * apt_package[apache2] action install (up to date)
  * service[apache2] action enable (up to date)
  * service[apache2] action start (up to date)

Running handlers:
Running handlers complete
Chef Client finished, 0/3 resources updated in 01 seconds
vagrant@vagrant:~/chef-repo$