vagrant@vagrant:~/chef-repo$ # --------------------------------------------------------------------
vagrant@vagrant:~/chef-repo$ # -- Execute the recipe using local mode `chef-client`
vagrant@vagrant:~/chef-repo$ # --------------------------------------------------------------------
vagrant@vagrant:~/chef-repo$ chef-client --local-mode goodbye.rb
[2016-02-09T22:22:55+00:00] WARN: No config file found or specified on command line, using command line options.
[2016-02-09T22:22:55+00:00] WARN: No cookbooks directory found at or above current directory.  Assuming /home/vagrant/chef-repo.
Starting Chef Client, version 12.5.1
resolving cookbooks for run list: []
Synchronizing Cookbooks:
Compiling Cookbooks...
[2016-02-09T22:22:56+00:00] WARN: Node vagrant.vm has an empty run list.
Converging 1 resources
Recipe: @recipe_files::/home/vagrant/chef-repo/goodbye.rb
  * file[/tmp/motd] action delete
    - delete file /tmp/motd

Running handlers:
Running handlers complete
Chef Client finished, 1/1 resources updated in 01 seconds
vagrant@vagrant:~/chef-repo$
vagrant@vagrant:~/chef-repo$
vagrant@vagrant:~/chef-repo$ # --------------------------------------------------------------------
vagrant@vagrant:~/chef-repo$ # -- Verify if the MOTD file had been deleted
vagrant@vagrant:~/chef-repo$ # --------------------------------------------------------------------
vagrant@vagrant:~/chef-repo$ more /tmp/motd
/tmp/motd: No such file or directory
vagrant@vagrant:~/chef-repo$
