vagrant@vagrant:~$ sudo ./install.sh -c stable -P chefdk -v 0.10
Getting information for chefdk stable 0.10 for ubuntu...
downloading https://omnitruck.chef.io/stable/chefdk/metadata?v=0.10&p=ubuntu&pv=14.04&m=x86_64
  to file /tmp/install.sh.2153/metadata.txt
trying wget...
url     https://opscode-omnibus-packages.s3.amazonaws.com/ubuntu/14.04/x86_64/chefdk_0.10.0-1_amd64.deb
md5     b71c9866db2afdc025abacd7c56edb9c
sha256  beb1db9fe097997970b4731325a5eb5bbd0a047fccf393e2aeaf472ae809cee3
version 0.10.0downloaded metadata file looks valid...
downloading https://opscode-omnibus-packages.s3.amazonaws.com/ubuntu/14.04/x86_64/chefdk_0.10.0-1_amd64.deb
  to file /tmp/install.sh.2153/chefdk_0.10.0-1_amd64.deb
trying wget...
Comparing checksum with sha256sum...
Installing chefdk 0.10
installing with dpkg...
Selecting previously unselected package chefdk.
(Reading database ... 33156 files and directories currently installed.)
Preparing to unpack .../chefdk_0.10.0-1_amd64.deb ...
Unpacking chefdk (0.10.0-1) ...
Setting up chefdk (0.10.0-1) ...
Thank you for installing Chef Development Kit!
vagrant@vagrant:~$